# JRE version: OpenJDK Runtime Environment (17.0.6) (build 17.0.6+0-b2043.56-10027231)
# Java VM: OpenJDK 64-Bit Server VM (17.0.6+0-b2043.56-10027231, mixed mode, tiered, compressed oops, compressed class ptrs, g1 gc, windows-amd64)
GC Precious Log:
 CPUs: 16 total, 16 available
 Memory: 6005M
 Large Page Support: Disabled
 NUMA Support: Disabled
 Compressed Oops: Enabled (32-bit)
 Heap Region Size: 1M
 Heap Min Capacity: 8M
 Heap Initial Capacity: 94M
 Heap Max Capacity: 1502M
 Pre-touch: Disabled
 Parallel Workers: 13
 Concurrent Workers: 3
 Concurrent Refinement Workers: 13
 Periodic GC: Disabled
Heap:
 garbage-first heap   total 144384K, used 78384K [0x00000000a2200000, 0x0000000100000000)
  region size 1024K, 3 young (3072K), 3 survivors (3072K)
 Metaspace       used 82657K, committed 83008K, reserved 1130496K
  class space    used 9539K, committed 9728K, reserved 1048576K
GC Heap History (20 events):
Event: 16.647 GC heap after
{Heap after GC invocations=24 (full 0):
 garbage-first heap   total 119808K, used 42139K [0x00000000a2200000, 0x0000000100000000)
  region size 1024K, 7 young (7168K), 7 survivors (7168K)
 Metaspace       used 59350K, committed 59648K, reserved 1105920K
  class space    used 7185K, committed 7296K, reserved 1048576K
}
Event: 17.343 GC heap before
{Heap before GC invocations=24 (full 0):
 garbage-first heap   total 119808K, used 85147K [0x00000000a2200000, 0x0000000100000000)
  region size 1024K, 49 young (50176K), 7 survivors (7168K)
 Metaspace       used 59727K, committed 60032K, reserved 1105920K
  class space    used 7212K, committed 7360K, reserved 1048576K
}
Event: 17.368 GC heap after
{Heap after GC invocations=25 (full 0):
 garbage-first heap   total 119808K, used 50179K [0x00000000a2200000, 0x0000000100000000)
  region size 1024K, 7 young (7168K), 7 survivors (7168K)
 Metaspace       used 59727K, committed 60032K, reserved 1105920K
  class space    used 7212K, committed 7360K, reserved 1048576K
}
Event: 18.323 GC heap before
{Heap before GC invocations=25 (full 0):
 garbage-first heap   total 119808K, used 88067K [0x00000000a2200000, 0x0000000100000000)
  region size 1024K, 44 young (45056K), 7 survivors (7168K)
 Metaspace       used 65519K, committed 65856K, reserved 1114112K
  class space    used 7844K, committed 8000K, reserved 1048576K
}
Event: 18.343 GC heap after
{Heap after GC invocations=26 (full 0):
 garbage-first heap   total 119808K, used 55691K [0x00000000a2200000, 0x0000000100000000)
  region size 1024K, 5 young (5120K), 5 survivors (5120K)
 Metaspace       used 65519K, committed 65856K, reserved 1114112K
  class space    used 7844K, committed 8000K, reserved 1048576K
}
Event: 18.937 GC heap before
{Heap before GC invocations=26 (full 0):
 garbage-first heap   total 119808K, used 90507K [0x00000000a2200000, 0x0000000100000000)
  region size 1024K, 39 young (39936K), 5 survivors (5120K)
 Metaspace       used 67224K, committed 67520K, reserved 1114112K
  class space    used 7983K, committed 8128K, reserved 1048576K
}
Event: 18.954 GC heap after
{Heap after GC invocations=27 (full 0):
 garbage-first heap   total 119808K, used 62347K [0x00000000a2200000, 0x0000000100000000)
  region size 1024K, 5 young (5120K), 5 survivors (5120K)
 Metaspace       used 67224K, committed 67520K, reserved 1114112K
  class space    used 7983K, committed 8128K, reserved 1048576K
}
Event: 20.389 GC heap before
{Heap before GC invocations=27 (full 0):
 garbage-first heap   total 119808K, used 93067K [0x00000000a2200000, 0x0000000100000000)
  region size 1024K, 35 young (35840K), 5 survivors (5120K)
 Metaspace       used 74208K, committed 74496K, reserved 1122304K
  class space    used 8698K, committed 8832K, reserved 1048576K
}
Event: 20.400 GC heap after
{Heap after GC invocations=28 (full 0):
 garbage-first heap   total 144384K, used 65411K [0x00000000a2200000, 0x0000000100000000)
  region size 1024K, 3 young (3072K), 3 survivors (3072K)
 Metaspace       used 74208K, committed 74496K, reserved 1122304K
  class space    used 8698K, committed 8832K, reserved 1048576K
}
Event: 20.806 GC heap before
{Heap before GC invocations=29 (full 0):
 garbage-first heap   total 144384K, used 105347K [0x00000000a2200000, 0x0000000100000000)
  region size 1024K, 42 young (43008K), 3 survivors (3072K)
 Metaspace       used 75463K, committed 75712K, reserved 1122304K
  class space    used 8784K, committed 8896K, reserved 1048576K
}
Event: 20.817 GC heap after
{Heap after GC invocations=30 (full 0):
 garbage-first heap   total 144384K, used 69704K [0x00000000a2200000, 0x0000000100000000)
  region size 1024K, 6 young (6144K), 6 survivors (6144K)
 Metaspace       used 75463K, committed 75712K, reserved 1122304K
  class space    used 8784K, committed 8896K, reserved 1048576K
}
Event: 20.826 GC heap before
{Heap before GC invocations=30 (full 0):
 garbage-first heap   total 144384K, used 70728K [0x00000000a2200000, 0x0000000100000000)
  region size 1024K, 7 young (7168K), 6 survivors (6144K)
 Metaspace       used 75464K, committed 75712K, reserved 1122304K
  class space    used 8784K, committed 8896K, reserved 1048576K
}
Event: 20.834 GC heap after
{Heap after GC invocations=31 (full 0):
 garbage-first heap   total 144384K, used 69834K [0x00000000a2200000, 0x0000000100000000)
  region size 1024K, 1 young (1024K), 1 survivors (1024K)
 Metaspace       used 75464K, committed 75712K, reserved 1122304K
  class space    used 8784K, committed 8896K, reserved 1048576K
}
Event: 20.967 GC heap before
{Heap before GC invocations=31 (full 0):
 garbage-first heap   total 144384K, used 108746K [0x00000000a2200000, 0x0000000100000000)
  region size 1024K, 39 young (39936K), 1 survivors (1024K)
 Metaspace       used 75524K, committed 75776K, reserved 1122304K
  class space    used 8786K, committed 8896K, reserved 1048576K
}
Event: 20.974 GC heap after
{Heap after GC invocations=32 (full 0):
 garbage-first heap   total 144384K, used 72817K [0x00000000a2200000, 0x0000000100000000)
  region size 1024K, 4 young (4096K), 4 survivors (4096K)
 Metaspace       used 75524K, committed 75776K, reserved 1122304K
  class space    used 8786K, committed 8896K, reserved 1048576K
}
Event: 21.349 GC heap before
{Heap before GC invocations=33 (full 0):
 garbage-first heap   total 144384K, used 109681K [0x00000000a2200000, 0x0000000100000000)
  region size 1024K, 41 young (41984K), 4 survivors (4096K)
 Metaspace       used 77636K, committed 77888K, reserved 1122304K
  class space    used 8965K, committed 9088K, reserved 1048576K
}
Event: 21.360 GC heap after
{Heap after GC invocations=34 (full 0):
 garbage-first heap   total 144384K, used 76096K [0x00000000a2200000, 0x0000000100000000)
  region size 1024K, 4 young (4096K), 4 survivors (4096K)
 Metaspace       used 77636K, committed 77888K, reserved 1122304K
  class space    used 8965K, committed 9088K, reserved 1048576K
}
Event: 21.378 GC heap before
{Heap before GC invocations=34 (full 0):
 garbage-first heap   total 144384K, used 79168K [0x00000000a2200000, 0x0000000100000000)
  region size 1024K, 7 young (7168K), 4 survivors (4096K)
 Metaspace       used 77637K, committed 77888K, reserved 1122304K
  class space    used 8965K, committed 9088K, reserved 1048576K
}
Event: 21.385 GC heap after
{Heap after GC invocations=35 (full 0):
 garbage-first heap   total 144384K, used 76623K [0x00000000a2200000, 0x0000000100000000)
  region size 1024K, 1 young (1024K), 1 survivors (1024K)
 Metaspace       used 77637K, committed 77888K, reserved 1122304K
  class space    used 8965K, committed 9088K, reserved 1048576K
}
Event: 22.230 GC heap before
{Heap before GC invocations=35 (full 0):
 garbage-first heap   total 144384K, used 112463K [0x00000000a2200000, 0x0000000100000000)
  region size 1024K, 37 young (37888K), 1 survivors (1024K)
 Metaspace       used 82657K, committed 83008K, reserved 1130496K
  class space    used 9539K, committed 9728K, reserved 1048576K
}

